2022-01-03 13:42:15.600  INFO 9128 --- [restartedMain] f.taskmanager.TaskManagerApplication     : Starting TaskManagerApplication using Java 17.0.1 on DESKTOP-LLPVJ3R with PID 9128 (C:\Users\LaithMo\TaskManager\target\classes started by LaithMo in C:\Users\LaithMo\TaskManager)
2022-01-03 13:42:15.613  INFO 9128 --- [restartedMain] f.taskmanager.TaskManagerApplication     : No active profile set, falling back to default profiles: default
2022-01-03 13:42:15.680  INFO 9128 --- [restartedMain] .e.DevToolsPropertyDefaultsPostProcessor : Devtools property defaults active! Set 'spring.devtools.add-properties' to 'false' to disable
2022-01-03 13:42:15.681  INFO 9128 --- [restartedMain] .e.DevToolsPropertyDefaultsPostProcessor : For additional web related logging consider setting the 'logging.level.web' property to 'DEBUG'
2022-01-03 13:42:16.888  INFO 9128 --- [restartedMain] .s.d.r.c.RepositoryConfigurationDelegate : Bootstrapping Spring Data JPA repositories in DEFAULT mode.
2022-01-03 13:42:16.957  INFO 9128 --- [restartedMain] .s.d.r.c.RepositoryConfigurationDelegate : Finished Spring Data repository scanning in 59 ms. Found 3 JPA repository interfaces.
2022-01-03 13:42:17.751  INFO 9128 --- [restartedMain] o.s.b.w.embedded.tomcat.TomcatWebServer  : Tomcat initialized with port(s): 8080 (http)
2022-01-03 13:42:17.762  INFO 9128 --- [restartedMain] o.apache.catalina.core.StandardService   : Starting service [Tomcat]
2022-01-03 13:42:17.763  INFO 9128 --- [restartedMain] org.apache.catalina.core.StandardEngine  : Starting Servlet engine: [Apache Tomcat/9.0.55]
2022-01-03 13:42:17.856  INFO 9128 --- [restartedMain] o.a.c.c.C.[Tomcat].[localhost].[/]       : Initializing Spring embedded WebApplicationContext
2022-01-03 13:42:17.857  INFO 9128 --- [restartedMain] w.s.c.ServletWebServerApplicationContext : Root WebApplicationContext: initialization completed in 2174 ms
2022-01-03 13:42:18.341  INFO 9128 --- [restartedMain] o.hibernate.jpa.internal.util.LogHelper  : HHH000204: Processing PersistenceUnitInfo [name: default]
2022-01-03 13:42:18.406  INFO 9128 --- [restartedMain] org.hibernate.Version                    : HHH000412: Hibernate ORM core version 5.6.1.Final
2022-01-03 13:42:18.580  INFO 9128 --- [restartedMain] o.hibernate.annotations.common.Version   : HCANN000001: Hibernate Commons Annotations {5.1.2.Final}
2022-01-03 13:42:18.687  INFO 9128 --- [restartedMain] com.zaxxer.hikari.HikariDataSource       : HikariPool-1 - Starting...
2022-01-03 13:42:19.185  INFO 9128 --- [restartedMain] com.zaxxer.hikari.HikariDataSource       : HikariPool-1 - Start completed.
2022-01-03 13:42:19.210  INFO 9128 --- [restartedMain] org.hibernate.dialect.Dialect            : HHH000400: Using dialect: org.hibernate.dialect.MySQL8Dialect
2022-01-03 13:42:20.556  INFO 9128 --- [restartedMain] o.h.e.t.j.p.i.JtaPlatformInitiator       : HHH000490: Using JtaPlatform implementation: [org.hibernate.engine.transaction.jta.platform.internal.NoJtaPlatform]
2022-01-03 13:42:20.568  INFO 9128 --- [restartedMain] j.LocalContainerEntityManagerFactoryBean : Initialized JPA EntityManagerFactory for persistence unit 'default'
2022-01-03 13:42:21.136  WARN 9128 --- [restartedMain] JpaBaseConfiguration$JpaWebConfiguration : spring.jpa.open-in-view is enabled by default. Therefore, database queries may be performed during view rendering. Explicitly configure spring.jpa.open-in-view to disable this warning
2022-01-03 13:42:21.473  INFO 9128 --- [restartedMain] o.s.s.web.DefaultSecurityFilterChain     : Will secure any request with [org.springframework.security.web.context.request.async.WebAsyncManagerIntegrationFilter@5427e1ba, org.springframework.security.web.context.SecurityContextPersistenceFilter@669777f2, org.springframework.security.web.header.HeaderWriterFilter@22aff577, org.springframework.security.web.authentication.logout.LogoutFilter@7b51ae69, firsttask.taskmanager.Security.Filters.JwtRequestFilter@164fd228, org.springframework.security.web.savedrequest.RequestCacheAwareFilter@672cba24, org.springframework.security.web.servletapi.SecurityContextHolderAwareRequestFilter@41c92fd0, org.springframework.security.web.authentication.AnonymousAuthenticationFilter@55cbd7c4, org.springframework.security.web.session.SessionManagementFilter@12a2e269, org.springframework.security.web.access.ExceptionTranslationFilter@2008612a, org.springframework.security.web.access.intercept.FilterSecurityInterceptor@4487dca8]
2022-01-03 13:42:22.615  INFO 9128 --- [restartedMain] o.s.b.d.a.OptionalLiveReloadServer       : LiveReload server is running on port 35729
2022-01-03 13:42:22.625  INFO 9128 --- [restartedMain] o.s.b.a.e.web.EndpointLinksResolver      : Exposing 14 endpoint(s) beneath base path '/actuator'
2022-01-03 13:42:22.702  INFO 9128 --- [restartedMain] o.s.b.w.embedded.tomcat.TomcatWebServer  : Tomcat started on port(s): 8080 (http) with context path ''
2022-01-03 13:42:22.721  INFO 9128 --- [restartedMain] f.taskmanager.TaskManagerApplication     : Started TaskManagerApplication in 7.89 seconds (JVM running for 9.443)
2022-01-03 13:42:22.999  INFO 9128 --- [RMI TCP Connection(3)-172.20.48.132] o.a.c.c.C.[Tomcat].[localhost].[/]       : Initializing Spring DispatcherServlet 'dispatcherServlet'
2022-01-03 13:42:22.999  INFO 9128 --- [RMI TCP Connection(3)-172.20.48.132] o.s.web.servlet.DispatcherServlet        : Initializing Servlet 'dispatcherServlet'
2022-01-03 13:42:23.002  INFO 9128 --- [RMI TCP Connection(3)-172.20.48.132] o.s.web.servlet.DispatcherServlet        : Completed initialization in 2 ms
2022-01-03 13:42:39.141  INFO 9128 --- [SpringApplicationShutdownHook] j.LocalContainerEntityManagerFactoryBean : Closing JPA EntityManagerFactory for persistence unit 'default'
2022-01-03 13:42:39.144  INFO 9128 --- [SpringApplicationShutdownHook] com.zaxxer.hikari.HikariDataSource       : HikariPool-1 - Shutdown initiated...
2022-01-03 13:42:39.155  INFO 9128 --- [SpringApplicationShutdownHook] com.zaxxer.hikari.HikariDataSource       : HikariPool-1 - Shutdown completed.
2022-01-03 15:35:20.153  INFO 4244 --- [main] f.t.Controller.TaskControllerTest        : Starting TaskControllerTest using Java 17.0.1 on DESKTOP-LLPVJ3R with PID 4244 (started by LaithMo in C:\Users\LaithMo\TaskManager)
2022-01-03 15:35:20.155  INFO 4244 --- [main] f.t.Controller.TaskControllerTest        : No active profile set, falling back to default profiles: default
2022-01-03 15:35:23.228  INFO 4244 --- [main] o.s.s.web.DefaultSecurityFilterChain     : Will secure any request with [org.springframework.security.web.context.request.async.WebAsyncManagerIntegrationFilter@414b2df5, org.springframework.security.web.context.SecurityContextPersistenceFilter@798cf6d2, org.springframework.security.web.header.HeaderWriterFilter@10ed037a, org.springframework.security.web.authentication.logout.LogoutFilter@60deefed, firsttask.taskmanager.Security.Filters.JwtRequestFilter@739265f1, org.springframework.security.web.savedrequest.RequestCacheAwareFilter@649b5891, org.springframework.security.web.servletapi.SecurityContextHolderAwareRequestFilter@632cf7d3, org.springframework.security.web.authentication.AnonymousAuthenticationFilter@9e30f9a, org.springframework.security.web.session.SessionManagementFilter@700b9e6b, org.springframework.security.web.access.ExceptionTranslationFilter@71166348, org.springframework.security.web.access.intercept.FilterSecurityInterceptor@25ad25f5]
2022-01-03 15:35:24.162  INFO 4244 --- [main] o.s.b.t.m.w.SpringBootMockServletContext : Initializing Spring TestDispatcherServlet ''
2022-01-03 15:35:24.162  INFO 4244 --- [main] o.s.t.web.servlet.TestDispatcherServlet  : Initializing Servlet ''
2022-01-03 15:35:24.169  INFO 4244 --- [main] o.s.t.web.servlet.TestDispatcherServlet  : Completed initialization in 6 ms
2022-01-03 15:35:24.253  INFO 4244 --- [main] f.t.Controller.TaskControllerTest        : Started TaskControllerTest in 4.812 seconds (JVM running for 6.433)
2022-01-03 15:35:24.534  INFO 4244 --- [main] f.taskmanager.Controller.TaskController  : A Update task request initialized 
2022-01-03 15:35:24.663  INFO 4244 --- [main] f.taskmanager.Controller.TaskController  : A get all tasks  request initialized 
2022-01-03 15:35:24.694  INFO 4244 --- [main] f.taskmanager.Controller.TaskController  : A get task request initialized 
2022-01-03 15:35:24.718  INFO 4244 --- [main] f.taskmanager.Controller.TaskController  : A create task request initialized 
2022-01-03 15:35:24.735  INFO 4244 --- [main] f.taskmanager.Controller.TaskController  : A delete task  request initialized 
2022-01-03 15:35:24.792  INFO 4244 --- [main] .b.t.a.w.s.WebMvcTestContextBootstrapper : Neither @ContextConfiguration nor @ContextHierarchy found for test class [firsttask.taskmanager.Controller.UserControllerTest], using SpringBootContextLoader
2022-01-03 15:35:24.796  INFO 4244 --- [main] o.s.t.c.support.AbstractContextLoader    : Could not detect default resource locations for test class [firsttask.taskmanager.Controller.UserControllerTest]: no resource found for suffixes {-context.xml, Context.groovy}.
2022-01-03 15:35:24.797  INFO 4244 --- [main] t.c.s.AnnotationConfigContextLoaderUtils : Could not detect default configuration classes for test class [firsttask.taskmanager.Controller.UserControllerTest]: UserControllerTest does not declare any static, non-private, non-final, nested classes annotated with @Configuration.
2022-01-03 15:35:24.809  INFO 4244 --- [main] .b.t.c.SpringBootTestContextBootstrapper : Found @SpringBootConfiguration firsttask.taskmanager.TaskManagerApplication for test class firsttask.taskmanager.Controller.UserControllerTest
2022-01-03 15:35:24.813  INFO 4244 --- [main] .b.t.a.w.s.WebMvcTestContextBootstrapper : Loaded default TestExecutionListener class names from location [META-INF/spring.factories]: [org.springframework.boot.test.mock.mockito.MockitoTestExecutionListener, org.springframework.boot.test.mock.mockito.ResetMocksTestExecutionListener, org.springframework.boot.test.autoconfigure.restdocs.RestDocsTestExecutionListener, org.springframework.boot.test.autoconfigure.web.client.MockRestServiceServerResetTestExecutionListener, org.springframework.boot.test.autoconfigure.web.servlet.MockMvcPrintOnlyOnFailureTestExecutionListener, org.springframework.boot.test.autoconfigure.web.servlet.WebDriverTestExecutionListener, org.springframework.boot.test.autoconfigure.webservices.client.MockWebServiceServerTestExecutionListener, org.springframework.security.test.context.support.WithSecurityContextTestExecutionListener, org.springframework.security.test.context.support.ReactorContextTestExecutionListener, org.springframework.test.context.web.ServletTestExecutionListener, org.springframework.test.context.support.DirtiesContextBeforeModesTestExecutionListener, org.springframework.test.context.event.ApplicationEventsTestExecutionListener, org.springframework.test.context.support.DependencyInjectionTestExecutionListener, org.springframework.test.context.support.DirtiesContextTestExecutionListener, org.springframework.test.context.transaction.TransactionalTestExecutionListener, org.springframework.test.context.jdbc.SqlScriptsTestExecutionListener, org.springframework.test.context.event.EventPublishingTestExecutionListener]
2022-01-03 15:35:24.822  INFO 4244 --- [main] .b.t.a.w.s.WebMvcTestContextBootstrapper : Using TestExecutionListeners: [org.springframework.test.context.web.ServletTestExecutionListener@288409f0, org.springframework.test.context.support.DirtiesContextBeforeModesTestExecutionListener@7d685f4e, org.springframework.test.context.event.ApplicationEventsTestExecutionListener@61eab26b, org.springframework.boot.test.mock.mockito.MockitoTestExecutionListener@19ac93d2, org.springframework.boot.test.autoconfigure.SpringBootDependencyInjectionTestExecutionListener@116fc29e, org.springframework.test.context.support.DirtiesContextTestExecutionListener@2e426dd2, org.springframework.test.context.transaction.TransactionalTestExecutionListener@1a0ffb9b, org.springframework.test.context.jdbc.SqlScriptsTestExecutionListener@67c0c90b, org.springframework.security.test.context.support.WithSecurityContextTestExecutionListener@8549c5f, org.springframework.test.context.event.EventPublishingTestExecutionListener@35454c7a, org.springframework.security.test.context.support.ReactorContextTestExecutionListener@50f3ba6a, org.springframework.boot.test.mock.mockito.ResetMocksTestExecutionListener@319aa9ee, org.springframework.boot.test.autoconfigure.restdocs.RestDocsTestExecutionListener@1d806de6, org.springframework.boot.test.autoconfigure.web.client.MockRestServiceServerResetTestExecutionListener@2b9d4b0, org.springframework.boot.test.autoconfigure.web.servlet.MockMvcPrintOnlyOnFailureTestExecutionListener@4f541e67, org.springframework.boot.test.autoconfigure.web.servlet.WebDriverTestExecutionListener@2be50bba, org.springframework.boot.test.autoconfigure.webservices.client.MockWebServiceServerTestExecutionListener@3514ac7d]
2022-01-03 15:35:24.950  INFO 4244 --- [main] f.t.Controller.UserControllerTest        : Starting UserControllerTest using Java 17.0.1 on DESKTOP-LLPVJ3R with PID 4244 (started by LaithMo in C:\Users\LaithMo\TaskManager)
2022-01-03 15:35:24.950  INFO 4244 --- [main] f.t.Controller.UserControllerTest        : No active profile set, falling back to default profiles: default
2022-01-03 15:35:25.643  INFO 4244 --- [main] o.s.s.web.DefaultSecurityFilterChain     : Will secure any request with [org.springframework.security.web.context.request.async.WebAsyncManagerIntegrationFilter@3c87e851, org.springframework.security.web.context.SecurityContextPersistenceFilter@949d347, org.springframework.security.web.header.HeaderWriterFilter@772cf46b, org.springframework.security.web.authentication.logout.LogoutFilter@2b90cc1, firsttask.taskmanager.Security.Filters.JwtRequestFilter@591e5fd4, org.springframework.security.web.savedrequest.RequestCacheAwareFilter@f5ae29e, org.springframework.security.web.servletapi.SecurityContextHolderAwareRequestFilter@1fc5c0b2, org.springframework.security.web.authentication.AnonymousAuthenticationFilter@54556723, org.springframework.security.web.session.SessionManagementFilter@1b98355f, org.springframework.security.web.access.ExceptionTranslationFilter@7a7f9d45, org.springframework.security.web.access.intercept.FilterSecurityInterceptor@30bd39d5]
2022-01-03 15:35:26.018  INFO 4244 --- [main] o.s.b.t.m.w.SpringBootMockServletContext : Initializing Spring TestDispatcherServlet ''
2022-01-03 15:35:26.019  INFO 4244 --- [main] o.s.t.web.servlet.TestDispatcherServlet  : Initializing Servlet ''
2022-01-03 15:35:26.021  INFO 4244 --- [main] o.s.t.web.servlet.TestDispatcherServlet  : Completed initialization in 2 ms
2022-01-03 15:35:26.038  INFO 4244 --- [main] f.t.Controller.UserControllerTest        : Started UserControllerTest in 1.187 seconds (JVM running for 8.218)
2022-01-03 15:35:26.072  INFO 4244 --- [main] f.taskmanager.Controller.UserController  : A update user request initialized 
2022-01-03 15:35:26.102  INFO 4244 --- [main] f.taskmanager.Controller.UserController  : A create user request initialized 
2022-01-03 15:35:26.136  INFO 4244 --- [main] f.taskmanager.Controller.UserController  : A get user request initialized 
2022-01-03 15:35:27.039  INFO 4244 --- [main] .b.t.c.SpringBootTestContextBootstrapper : Neither @ContextConfiguration nor @ContextHierarchy found for test class [firsttask.taskmanager.TaskManagerApplicationTests], using SpringBootContextLoader
2022-01-03 15:35:27.040  INFO 4244 --- [main] o.s.t.c.support.AbstractContextLoader    : Could not detect default resource locations for test class [firsttask.taskmanager.TaskManagerApplicationTests]: no resource found for suffixes {-context.xml, Context.groovy}.
2022-01-03 15:35:27.041  INFO 4244 --- [main] t.c.s.AnnotationConfigContextLoaderUtils : Could not detect default configuration classes for test class [firsttask.taskmanager.TaskManagerApplicationTests]: TaskManagerApplicationTests does not declare any static, non-private, non-final, nested classes annotated with @Configuration.
2022-01-03 15:35:27.048  INFO 4244 --- [main] .b.t.c.SpringBootTestContextBootstrapper : Found @SpringBootConfiguration firsttask.taskmanager.TaskManagerApplication for test class firsttask.taskmanager.TaskManagerApplicationTests
2022-01-03 15:35:27.054  INFO 4244 --- [main] .b.t.c.SpringBootTestContextBootstrapper : Loaded default TestExecutionListener class names from location [META-INF/spring.factories]: [org.springframework.boot.test.mock.mockito.MockitoTestExecutionListener, org.springframework.boot.test.mock.mockito.ResetMocksTestExecutionListener, org.springframework.boot.test.autoconfigure.restdocs.RestDocsTestExecutionListener, org.springframework.boot.test.autoconfigure.web.client.MockRestServiceServerResetTestExecutionListener, org.springframework.boot.test.autoconfigure.web.servlet.MockMvcPrintOnlyOnFailureTestExecutionListener, org.springframework.boot.test.autoconfigure.web.servlet.WebDriverTestExecutionListener, org.springframework.boot.test.autoconfigure.webservices.client.MockWebServiceServerTestExecutionListener, org.springframework.security.test.context.support.WithSecurityContextTestExecutionListener, org.springframework.security.test.context.support.ReactorContextTestExecutionListener, org.springframework.test.context.web.ServletTestExecutionListener, org.springframework.test.context.support.DirtiesContextBeforeModesTestExecutionListener, org.springframework.test.context.event.ApplicationEventsTestExecutionListener, org.springframework.test.context.support.DependencyInjectionTestExecutionListener, org.springframework.test.context.support.DirtiesContextTestExecutionListener, org.springframework.test.context.transaction.TransactionalTestExecutionListener, org.springframework.test.context.jdbc.SqlScriptsTestExecutionListener, org.springframework.test.context.event.EventPublishingTestExecutionListener]
2022-01-03 15:35:27.055  INFO 4244 --- [main] .b.t.c.SpringBootTestContextBootstrapper : Using TestExecutionListeners: [org.springframework.test.context.web.ServletTestExecutionListener@6b71e98f, org.springframework.test.context.support.DirtiesContextBeforeModesTestExecutionListener@6ed7b9c5, org.springframework.test.context.event.ApplicationEventsTestExecutionListener@105dc246, org.springframework.boot.test.mock.mockito.MockitoTestExecutionListener@1b556a88, org.springframework.boot.test.autoconfigure.SpringBootDependencyInjectionTestExecutionListener@7f8cd5fc, org.springframework.test.context.support.DirtiesContextTestExecutionListener@2c465259, org.springframework.test.context.transaction.TransactionalTestExecutionListener@52f7fa65, org.springframework.test.context.jdbc.SqlScriptsTestExecutionListener@62c6db99, org.springframework.security.test.context.support.WithSecurityContextTestExecutionListener@7bfcc108, org.springframework.test.context.event.EventPublishingTestExecutionListener@65b680b4, org.springframework.security.test.context.support.ReactorContextTestExecutionListener@87f6ab5, org.springframework.boot.test.mock.mockito.ResetMocksTestExecutionListener@5c316230, org.springframework.boot.test.autoconfigure.restdocs.RestDocsTestExecutionListener@41581c3f, org.springframework.boot.test.autoconfigure.web.client.MockRestServiceServerResetTestExecutionListener@10ba9780, org.springframework.boot.test.autoconfigure.web.servlet.MockMvcPrintOnlyOnFailureTestExecutionListener@63636de0, org.springframework.boot.test.autoconfigure.web.servlet.WebDriverTestExecutionListener@3494a35e, org.springframework.boot.test.autoconfigure.webservices.client.MockWebServiceServerTestExecutionListener@352ce817]
2022-01-03 15:35:27.113  INFO 4244 --- [main] f.t.TaskManagerApplicationTests          : Starting TaskManagerApplicationTests using Java 17.0.1 on DESKTOP-LLPVJ3R with PID 4244 (started by LaithMo in C:\Users\LaithMo\TaskManager)
2022-01-03 15:35:27.113  INFO 4244 --- [main] f.t.TaskManagerApplicationTests          : No active profile set, falling back to default profiles: default
2022-01-03 15:35:28.232  INFO 4244 --- [main] .s.d.r.c.RepositoryConfigurationDelegate : Bootstrapping Spring Data JPA repositories in DEFAULT mode.
2022-01-03 15:35:28.319  INFO 4244 --- [main] .s.d.r.c.RepositoryConfigurationDelegate : Finished Spring Data repository scanning in 73 ms. Found 3 JPA repository interfaces.
2022-01-03 15:35:28.918  INFO 4244 --- [main] o.hibernate.jpa.internal.util.LogHelper  : HHH000204: Processing PersistenceUnitInfo [name: default]
2022-01-03 15:35:29.035  INFO 4244 --- [main] org.hibernate.Version                    : HHH000412: Hibernate ORM core version 5.6.1.Final
2022-01-03 15:35:29.115  INFO 4244 --- [main] o.hibernate.annotations.common.Version   : HCANN000001: Hibernate Commons Annotations {5.1.2.Final}
2022-01-03 15:35:29.312  INFO 4244 --- [main] com.zaxxer.hikari.HikariDataSource       : HikariPool-1 - Starting...
2022-01-03 15:35:29.889  INFO 4244 --- [main] com.zaxxer.hikari.HikariDataSource       : HikariPool-1 - Start completed.
2022-01-03 15:35:29.934  INFO 4244 --- [main] org.hibernate.dialect.Dialect            : HHH000400: Using dialect: org.hibernate.dialect.MySQL8Dialect
2022-01-03 15:35:31.384  INFO 4244 --- [main] o.h.e.t.j.p.i.JtaPlatformInitiator       : HHH000490: Using JtaPlatform implementation: [org.hibernate.engine.transaction.jta.platform.internal.NoJtaPlatform]
2022-01-03 15:35:31.399  INFO 4244 --- [main] j.LocalContainerEntityManagerFactoryBean : Initialized JPA EntityManagerFactory for persistence unit 'default'
2022-01-03 15:35:32.230  WARN 4244 --- [main] JpaBaseConfiguration$JpaWebConfiguration : spring.jpa.open-in-view is enabled by default. Therefore, database queries may be performed during view rendering. Explicitly configure spring.jpa.open-in-view to disable this warning
2022-01-03 15:35:33.055  INFO 4244 --- [main] o.s.s.web.DefaultSecurityFilterChain     : Will secure any request with [org.springframework.security.web.context.request.async.WebAsyncManagerIntegrationFilter@5b115d71, org.springframework.security.web.context.SecurityContextPersistenceFilter@52dbd3d, org.springframework.security.web.header.HeaderWriterFilter@23c07745, org.springframework.security.web.authentication.logout.LogoutFilter@18ee9a8f, firsttask.taskmanager.Security.Filters.JwtRequestFilter@25699129, org.springframework.security.web.savedrequest.RequestCacheAwareFilter@31b9108b, org.springframework.security.web.servletapi.SecurityContextHolderAwareRequestFilter@11e323a6, org.springframework.security.web.authentication.AnonymousAuthenticationFilter@4398d, org.springframework.security.web.session.SessionManagementFilter@62a07c01, org.springframework.security.web.access.ExceptionTranslationFilter@57cc7d9e, org.springframework.security.web.access.intercept.FilterSecurityInterceptor@5ac25491]
2022-01-03 15:35:35.038  INFO 4244 --- [main] o.s.b.t.m.w.SpringBootMockServletContext : Initializing Spring TestDispatcherServlet ''
2022-01-03 15:35:35.040  INFO 4244 --- [main] o.s.t.web.servlet.TestDispatcherServlet  : Initializing Servlet ''
2022-01-03 15:35:35.052  INFO 4244 --- [main] o.s.b.a.e.web.EndpointLinksResolver      : Exposing 14 endpoint(s) beneath base path '/actuator'
2022-01-03 15:35:35.229  INFO 4244 --- [main] o.s.t.web.servlet.TestDispatcherServlet  : Completed initialization in 186 ms
2022-01-03 15:35:35.299  INFO 4244 --- [main] f.t.TaskManagerApplicationTests          : Started TaskManagerApplicationTests in 8.24 seconds (JVM running for 17.48)
2022-01-03 15:35:35.484  INFO 4244 --- [SpringApplicationShutdownHook] j.LocalContainerEntityManagerFactoryBean : Closing JPA EntityManagerFactory for persistence unit 'default'
2022-01-03 15:35:35.511  INFO 4244 --- [SpringApplicationShutdownHook] com.zaxxer.hikari.HikariDataSource       : HikariPool-1 - Shutdown initiated...
2022-01-03 15:35:35.569  INFO 4244 --- [SpringApplicationShutdownHook] com.zaxxer.hikari.HikariDataSource       : HikariPool-1 - Shutdown completed.
2022-01-03 15:54:48.216  INFO 6816 --- [restartedMain] f.taskmanager.TaskManagerApplication     : Starting TaskManagerApplication using Java 17.0.1 on DESKTOP-LLPVJ3R with PID 6816 (C:\Users\LaithMo\TaskManager\target\classes started by LaithMo in C:\Users\LaithMo\TaskManager)
2022-01-03 15:54:48.217  INFO 6816 --- [restartedMain] f.taskmanager.TaskManagerApplication     : No active profile set, falling back to default profiles: default
2022-01-03 15:54:48.266  INFO 6816 --- [restartedMain] .e.DevToolsPropertyDefaultsPostProcessor : Devtools property defaults active! Set 'spring.devtools.add-properties' to 'false' to disable
2022-01-03 15:54:48.266  INFO 6816 --- [restartedMain] .e.DevToolsPropertyDefaultsPostProcessor : For additional web related logging consider setting the 'logging.level.web' property to 'DEBUG'
2022-01-03 15:54:49.482  INFO 6816 --- [restartedMain] .s.d.r.c.RepositoryConfigurationDelegate : Bootstrapping Spring Data JPA repositories in DEFAULT mode.
2022-01-03 15:54:49.552  INFO 6816 --- [restartedMain] .s.d.r.c.RepositoryConfigurationDelegate : Finished Spring Data repository scanning in 60 ms. Found 3 JPA repository interfaces.
2022-01-03 15:54:50.366  INFO 6816 --- [restartedMain] o.s.b.w.embedded.tomcat.TomcatWebServer  : Tomcat initialized with port(s): 8080 (http)
2022-01-03 15:54:50.375  INFO 6816 --- [restartedMain] o.apache.catalina.core.StandardService   : Starting service [Tomcat]
2022-01-03 15:54:50.376  INFO 6816 --- [restartedMain] org.apache.catalina.core.StandardEngine  : Starting Servlet engine: [Apache Tomcat/9.0.55]
2022-01-03 15:54:50.469  INFO 6816 --- [restartedMain] o.a.c.c.C.[Tomcat].[localhost].[/]       : Initializing Spring embedded WebApplicationContext
2022-01-03 15:54:50.470  INFO 6816 --- [restartedMain] w.s.c.ServletWebServerApplicationContext : Root WebApplicationContext: initialization completed in 2203 ms
2022-01-03 15:54:50.953  INFO 6816 --- [restartedMain] o.hibernate.jpa.internal.util.LogHelper  : HHH000204: Processing PersistenceUnitInfo [name: default]
2022-01-03 15:54:51.018  INFO 6816 --- [restartedMain] org.hibernate.Version                    : HHH000412: Hibernate ORM core version 5.6.1.Final
2022-01-03 15:54:51.186  INFO 6816 --- [restartedMain] o.hibernate.annotations.common.Version   : HCANN000001: Hibernate Commons Annotations {5.1.2.Final}
2022-01-03 15:54:51.302  INFO 6816 --- [restartedMain] com.zaxxer.hikari.HikariDataSource       : HikariPool-1 - Starting...
2022-01-03 15:54:51.718  INFO 6816 --- [restartedMain] com.zaxxer.hikari.HikariDataSource       : HikariPool-1 - Start completed.
2022-01-03 15:54:51.739  INFO 6816 --- [restartedMain] org.hibernate.dialect.Dialect            : HHH000400: Using dialect: org.hibernate.dialect.MySQL8Dialect
2022-01-03 15:54:52.900  INFO 6816 --- [restartedMain] o.h.e.t.j.p.i.JtaPlatformInitiator       : HHH000490: Using JtaPlatform implementation: [org.hibernate.engine.transaction.jta.platform.internal.NoJtaPlatform]
2022-01-03 15:54:52.909  INFO 6816 --- [restartedMain] j.LocalContainerEntityManagerFactoryBean : Initialized JPA EntityManagerFactory for persistence unit 'default'
2022-01-03 15:54:53.477  WARN 6816 --- [restartedMain] JpaBaseConfiguration$JpaWebConfiguration : spring.jpa.open-in-view is enabled by default. Therefore, database queries may be performed during view rendering. Explicitly configure spring.jpa.open-in-view to disable this warning
2022-01-03 15:54:53.825  INFO 6816 --- [restartedMain] o.s.s.web.DefaultSecurityFilterChain     : Will secure any request with [org.springframework.security.web.context.request.async.WebAsyncManagerIntegrationFilter@475523d7, org.springframework.security.web.context.SecurityContextPersistenceFilter@e91671b, org.springframework.security.web.header.HeaderWriterFilter@7bc8a392, org.springframework.security.web.authentication.logout.LogoutFilter@1b2a4361, firsttask.taskmanager.Security.Filters.JwtRequestFilter@5d08ec05, org.springframework.security.web.savedrequest.RequestCacheAwareFilter@7b51ae69, org.springframework.security.web.servletapi.SecurityContextHolderAwareRequestFilter@217256aa, org.springframework.security.web.authentication.AnonymousAuthenticationFilter@47d33828, org.springframework.security.web.session.SessionManagementFilter@82acddc, org.springframework.security.web.access.ExceptionTranslationFilter@10806395, org.springframework.security.web.access.intercept.FilterSecurityInterceptor@59ac8046]
2022-01-03 15:54:55.205  INFO 6816 --- [restartedMain] o.s.b.d.a.OptionalLiveReloadServer       : LiveReload server is running on port 35729
2022-01-03 15:54:55.216  INFO 6816 --- [restartedMain] o.s.b.a.e.web.EndpointLinksResolver      : Exposing 14 endpoint(s) beneath base path '/actuator'
2022-01-03 15:54:55.294  INFO 6816 --- [restartedMain] o.s.b.w.embedded.tomcat.TomcatWebServer  : Tomcat started on port(s): 8080 (http) with context path ''
2022-01-03 15:54:55.313  INFO 6816 --- [restartedMain] f.taskmanager.TaskManagerApplication     : Started TaskManagerApplication in 7.624 seconds (JVM running for 8.766)
2022-01-03 15:54:55.564  INFO 6816 --- [RMI TCP Connection(3)-172.20.48.132] o.a.c.c.C.[Tomcat].[localhost].[/]       : Initializing Spring DispatcherServlet 'dispatcherServlet'
2022-01-03 15:54:55.564  INFO 6816 --- [RMI TCP Connection(3)-172.20.48.132] o.s.web.servlet.DispatcherServlet        : Initializing Servlet 'dispatcherServlet'
2022-01-03 15:54:55.565  INFO 6816 --- [RMI TCP Connection(3)-172.20.48.132] o.s.web.servlet.DispatcherServlet        : Completed initialization in 1 ms
2022-01-03 15:55:17.734  INFO 6816 --- [SpringApplicationShutdownHook] j.LocalContainerEntityManagerFactoryBean : Closing JPA EntityManagerFactory for persistence unit 'default'
2022-01-03 15:55:17.737  INFO 6816 --- [SpringApplicationShutdownHook] com.zaxxer.hikari.HikariDataSource       : HikariPool-1 - Shutdown initiated...
2022-01-03 15:55:17.749  INFO 6816 --- [SpringApplicationShutdownHook] com.zaxxer.hikari.HikariDataSource       : HikariPool-1 - Shutdown completed.
